<?xml version="1.0" encoding="UTF-8"?>
<testng-results ignored="1" total="2" passed="1" failed="0" skipped="0">
  <reporter-output>
  </reporter-output>
  <suite started-at="2024-09-16T10:48:18 IST" name="Default suite" finished-at="2024-09-16T10:49:18 IST" duration-ms="59827">
    <groups>
      <group name="SmokeTest">
        <method signature="VendorTest.createVendorTest()[pri:0, instance:com.crm.tp.terns.vendorstest.VendorTest@2cf3d63b]" name="createVendorTest" class="com.crm.tp.terns.vendorstest.VendorTest"/>
      </group> <!-- SmokeTest -->
    </groups>
    <test started-at="2024-09-16T10:48:18 IST" name="Default test" finished-at="2024-09-16T10:49:18 IST" duration-ms="59827">
      <class name="com.crm.tp.terns.vendorstest.VendorTest">
        <test-method is-config="true" signature="configBS()[pri:0, instance:com.crm.tp.terns.vendorstest.VendorTest@2cf3d63b]" started-at="2024-09-16T10:48:18 IST" name="configBS" finished-at="2024-09-16T10:48:18 IST" duration-ms="8" status="PASS">
          <reporter-output>
          </reporter-output>
        </test-method> <!-- configBS -->
        <test-method is-config="true" signature="configBC()[pri:0, instance:com.crm.tp.terns.vendorstest.VendorTest@2cf3d63b]" started-at="2024-09-16T10:48:18 IST" name="configBC" finished-at="2024-09-16T10:48:21 IST" duration-ms="2396" status="PASS">
          <reporter-output>
          </reporter-output>
        </test-method> <!-- configBC -->
        <test-method is-config="true" signature="configBM()[pri:0, instance:com.crm.tp.terns.vendorstest.VendorTest@2cf3d63b]" started-at="2024-09-16T10:48:21 IST" name="configBM" finished-at="2024-09-16T10:48:36 IST" duration-ms="14777" status="PASS">
          <reporter-output>
          </reporter-output>
        </test-method> <!-- configBM -->
        <test-method signature="createVendorTest()[pri:0, instance:com.crm.tp.terns.vendorstest.VendorTest@2cf3d63b]" started-at="2024-09-16T10:48:36 IST" name="createVendorTest" finished-at="2024-09-16T10:49:14 IST" duration-ms="38778" status="PASS">
          <reporter-output>
          </reporter-output>
        </test-method> <!-- createVendorTest -->
        <test-method is-config="true" signature="configAM()[pri:0, instance:com.crm.tp.terns.vendorstest.VendorTest@2cf3d63b]" started-at="2024-09-16T10:49:14 IST" name="configAM" finished-at="2024-09-16T10:49:17 IST" duration-ms="3005" status="PASS">
          <reporter-output>
          </reporter-output>
        </test-method> <!-- configAM -->
        <test-method is-config="true" signature="configAC()[pri:0, instance:com.crm.tp.terns.vendorstest.VendorTest@2cf3d63b]" started-at="2024-09-16T10:49:17 IST" name="configAC" finished-at="2024-09-16T10:49:18 IST" duration-ms="823" status="PASS">
          <reporter-output>
          </reporter-output>
        </test-method> <!-- configAC -->
        <test-method is-config="true" signature="configAS()[pri:0, instance:com.crm.tp.terns.vendorstest.VendorTest@2cf3d63b]" started-at="2024-09-16T10:49:18 IST" name="configAS" finished-at="2024-09-16T10:49:18 IST" duration-ms="1" status="PASS">
          <reporter-output>
          </reporter-output>
        </test-method> <!-- configAS -->
      </class> <!-- com.crm.tp.terns.vendorstest.VendorTest -->
    </test> <!-- Default test -->
  </suite> <!-- Default suite -->
</testng-results>
