<?xml version="1.0" encoding="UTF-8"?>
<!-- Generated by org.testng.reporters.JUnitXMLReporter -->
<testsuite ignored="1" hostname="Shubh_51" failures="0" tests="1" name="Default test" time="59.827" errors="0" timestamp="2024-09-16T10:49:18 IST">
  <testcase classname="com.crm.tp.terns.vendorstest.VendorTest" name="createVendorTest" time="38.778"/>
  <testcase classname="com.crm.tp.terns.vendorstest.VendorTest" name="CreatevendorWithGLDDTest" time="0.0">
    <ignored/>
  </testcase> <!-- CreatevendorWithGLDDTest -->
</testsuite> <!-- Default test -->
