<?xml version="1.0" encoding="UTF-8"?>
<!-- Generated by org.testng.reporters.JUnitXMLReporter -->
<testsuite ignored="4" hostname="Shubh_51" failures="0" tests="3" name="ChromeTest" time="238.311" errors="0" timestamp="2024-09-15T14:24:13 IST">
  <testcase classname="com.crm.tp.terns.quotestest.EditQuotesTest" name="createQuoteAndEditSubjectOfQuoteTest" time="87.443"/>
  <testcase classname="com.crm.tp.terns.quotestest.CreateQutoesTest" name="createQuoteWithMandatoryInformationTest" time="51.447"/>
  <testcase classname="com.crm.tp.terns.quotestest.DeleteQuoteTest" name="deleteAlreadyCreatedQuoteTest" time="67.434"/>
  <testcase classname="com.crm.tp.terns.basetest.BaseClass" name="@BeforeSuite configBS" time="0.0">
    <ignored/>
  </testcase> <!-- @BeforeSuite configBS -->
  <testcase classname="com.crm.tp.terns.basetest.BaseClass" name="@BeforeSuite configBS" time="0.0">
    <ignored/>
  </testcase> <!-- @BeforeSuite configBS -->
  <testcase classname="com.crm.tp.terns.basetest.BaseClass" name="@AfterSuite configAS" time="0.0">
    <ignored/>
  </testcase> <!-- @AfterSuite configAS -->
  <testcase classname="com.crm.tp.terns.basetest.BaseClass" name="@AfterSuite configAS" time="0.0">
    <ignored/>
  </testcase> <!-- @AfterSuite configAS -->
</testsuite> <!-- ChromeTest -->
