<?xml version="1.0" encoding="UTF-8"?>
<!-- Generated by org.testng.reporters.JUnitXMLReporter -->
<testsuite ignored="0" hostname="Shubh_51" failures="0" tests="3" name="FireFoxTest" time="123.315" errors="0" timestamp="2024-09-15T14:22:18 IST">
  <testcase classname="com.crm.tp.terns.productstest.CreateProductTest" name="createProductWithMandatoryInformationTest" time="16.702"/>
  <testcase classname="com.crm.tp.terns.productstest.CreateProductTest" name="createProductWithProductImageInformationTest" time="17.284"/>
  <testcase classname="com.crm.tp.terns.productstest.CreateProductTest" name="createProductWithSupportDateAndSalesDateTest" time="17.917"/>
</testsuite> <!-- FireFoxTest -->
