<?xml version="1.0" encoding="UTF-8"?>
<!-- Generated by org.testng.reporters.JUnitXMLReporter -->
<testsuite ignored="0" hostname="Shubh_51" failures="0" tests="3" name="ProductsTest" time="89.36" errors="0" timestamp="2024-09-15T13:19:46 IST">
  <testcase classname="com.crm.tp.terns.productstest.CreateProductTest" name="createProductWithMandatoryInformationTest" time="23.034"/>
  <testcase classname="com.crm.tp.terns.productstest.CreateProductTest" name="createProductWithProductImageInformationTest" time="19.88"/>
  <testcase classname="com.crm.tp.terns.productstest.CreateProductTest" name="createProductWithSupportDateAndSalesDateTest" time="15.88"/>
</testsuite> <!-- ProductsTest -->
