<?xml version="1.0" encoding="UTF-8"?>
<!-- Generated by org.testng.reporters.JUnitXMLReporter -->
<testsuite ignored="4" hostname="Shubh_51" failures="0" tests="3" name="QuotesTest" time="230.339" errors="0" timestamp="2024-09-15T13:22:07 IST">
  <testcase classname="com.crm.tp.terns.quotestest.CreateQutoesTest" name="createQuoteWithMandatoryInformationTest" time="74.608"/>
  <testcase classname="com.crm.tp.terns.quotestest.DeleteQuoteTest" name="deleteAlreadyCreatedQuoteTest" time="67.085"/>
  <testcase classname="com.crm.tp.terns.quotestest.EditQuotesTest" name="createQuoteAndEditSubjectOfQuoteTest" time="57.324"/>
  <testcase classname="com.crm.tp.terns.basetest.BaseClass" name="@BeforeSuite configBS" time="0.0">
    <ignored/>
  </testcase> <!-- @BeforeSuite configBS -->
  <testcase classname="com.crm.tp.terns.basetest.BaseClass" name="@AfterSuite configAS" time="0.0">
    <ignored/>
  </testcase> <!-- @AfterSuite configAS -->
  <testcase classname="com.crm.tp.terns.basetest.BaseClass" name="@AfterSuite configAS" time="0.0">
    <ignored/>
  </testcase> <!-- @AfterSuite configAS -->
  <testcase classname="com.crm.tp.terns.basetest.BaseClass" name="@BeforeSuite configBS" time="0.0">
    <ignored/>
  </testcase> <!-- @BeforeSuite configBS -->
</testsuite> <!-- QuotesTest -->
