<?xml version="1.0" encoding="UTF-8"?>
<!-- Generated by org.testng.reporters.JUnitXMLReporter -->
<testsuite ignored="4" hostname="Shubh_51" failures="0" tests="4" name="Test1" time="150.798" errors="0" timestamp="2024-09-15T12:16:48 IST">
  <testcase classname="com.crm.tp.terns.quotestest.CreateQutoesTest" name="createQuoteWithMandatoryInformationTest" time="47.555"/>
  <testcase classname="com.crm.tp.terns.vendorstest.VendorTest" name="CreatevendorWithGLDDTest" time="10.671"/>
  <testcase classname="com.crm.tp.terns.vendorstest.VendorTest" name="createVendorTest" time="9.663"/>
  <testcase classname="com.crm.tp.terns.quotestest.EditQuotesTest" name="createQuoteAndEditSubjectOfQuoteTest" time="49.419"/>
  <testcase classname="com.crm.tp.terns.basetest.BaseClass" name="@BeforeSuite configBS" time="0.0">
    <ignored/>
  </testcase> <!-- @BeforeSuite configBS -->
  <testcase classname="com.crm.tp.terns.basetest.BaseClass" name="@BeforeSuite configBS" time="0.0">
    <ignored/>
  </testcase> <!-- @BeforeSuite configBS -->
  <testcase classname="com.crm.tp.terns.basetest.BaseClass" name="@AfterSuite configAS" time="0.0">
    <ignored/>
  </testcase> <!-- @AfterSuite configAS -->
  <testcase classname="com.crm.tp.terns.basetest.BaseClass" name="@AfterSuite configAS" time="0.0">
    <ignored/>
  </testcase> <!-- @AfterSuite configAS -->
</testsuite> <!-- Test1 -->
