<?xml version="1.0" encoding="UTF-8"?>
<!-- Generated by org.testng.reporters.JUnitXMLReporter -->
<testsuite ignored="0" hostname="Shubh_51" failures="0" tests="2" name="VendorsTest" time="0.126" errors="0" timestamp="2024-09-16T10:34:07 IST">
  <testcase classname="com.crm.tp.terns.vendorstest.VendorTest" name="CreatevendorWithGLDDTest" time="0.0">
    <skipped/>
  </testcase> <!-- CreatevendorWithGLDDTest -->
  <testcase classname="com.crm.tp.terns.vendorstest.VendorTest" name="createVendorTest" time="0.001">
    <skipped/>
  </testcase> <!-- createVendorTest -->
</testsuite> <!-- VendorsTest -->
